-------------------------------------------------------------------------------
Test set: tests.courierTest.CourierAuthTest
-------------------------------------------------------------------------------
Tests run: 5, Failures: 1, Errors: 0, Skipped: 0, Time elapsed: 62.493 s <<< FAILURE! - in tests.courierTest.CourierAuthTest
loginWithoutPassword(tests.courierTest.CourierAuthTest)  Time elapsed: 60.374 s  <<< FAILURE!
java.lang.AssertionError: 
1 expectation failed.
Expected status code <400> but was <504>.

	at tests.courierTest.CourierAuthTest.loginWithoutPassword(CourierAuthTest.java:77)

